Copied E:\Eclipse\modeling-2025-03_acceleo-37-R202408201303-migration-41-R202502130921_jre21-download\ucmis.m2t\src\ucmis\m2t\Activator.java
Copied E:\Eclipse\modeling-2025-03_acceleo-37-R202408201303-migration-41-R202502130921_jre21-download\ucmis.m2t\src\ucmis\m2t\main\M2tMaster.java
Copied E:\Eclipse\modeling-2025-03_acceleo-37-R202408201303-migration-41-R202502130921_jre21-download\ucmis.m2t\src\ucmis\m2t\property\ddicdi.properties
Copied E:\Eclipse\modeling-2025-03_acceleo-37-R202408201303-migration-41-R202502130921_jre21-download\ucmis.m2t\src\ucmis\m2t\property\generic.properties
Copied E:\Eclipse\modeling-2025-03_acceleo-37-R202408201303-migration-41-R202502130921_jre21-download\ucmis.m2t\src\ucmis\m2t\property\processSequenceSubset.properties
Copied E:\Eclipse\modeling-2025-03_acceleo-37-R202408201303-migration-41-R202502130921_jre21-download\ucmis.m2t\src\ucmis\m2t\service\utilityServices.java
Migrated E:\Eclipse\modeling-2025-03_acceleo-37-R202408201303-migration-41-R202502130921_jre21-download\ucmis.m2t\src\ucmis\m2t\main\m2tMaster.mtl
Migrated E:\Eclipse\modeling-2025-03_acceleo-37-R202408201303-migration-41-R202502130921_jre21-download\ucmis.m2t\src\ucmis\m2t\mapping\representation.mtl
Error migrating E:\Eclipse\modeling-2025-03_acceleo-37-R202408201303-migration-41-R202502130921_jre21-download\ucmis.m2t\src\ucmis\m2t\query\modelQuery.mtl: Not managed yet: ocl::ecore::IterateExp
Migrated E:\Eclipse\modeling-2025-03_acceleo-37-R202408201303-migration-41-R202502130921_jre21-download\ucmis.m2t\src\ucmis\m2t\query\propertiesQuery.mtl
Migrated E:\Eclipse\modeling-2025-03_acceleo-37-R202408201303-migration-41-R202502130921_jre21-download\ucmis.m2t\src\ucmis\m2t\query\ucmisUtility.mtl
Migrated E:\Eclipse\modeling-2025-03_acceleo-37-R202408201303-migration-41-R202502130921_jre21-download\ucmis.m2t\src\ucmis\m2t\service\utilityServices.mtl
Migrated E:\Eclipse\modeling-2025-03_acceleo-37-R202408201303-migration-41-R202502130921_jre21-download\ucmis.m2t\src\ucmis\m2t\target\doc\aboutModelDocFile.mtl
Migrated E:\Eclipse\modeling-2025-03_acceleo-37-R202408201303-migration-41-R202502130921_jre21-download\ucmis.m2t\src\ucmis\m2t\target\doc\appendicesDocFile.mtl
Migrated E:\Eclipse\modeling-2025-03_acceleo-37-R202408201303-migration-41-R202502130921_jre21-download\ucmis.m2t\src\ucmis\m2t\target\doc\associationDoc.mtl
Migrated E:\Eclipse\modeling-2025-03_acceleo-37-R202408201303-migration-41-R202502130921_jre21-download\ucmis.m2t\src\ucmis\m2t\target\doc\associationJson.mtl
Migrated E:\Eclipse\modeling-2025-03_acceleo-37-R202408201303-migration-41-R202502130921_jre21-download\ucmis.m2t\src\ucmis\m2t\target\doc\attributeDoc.mtl
Migrated E:\Eclipse\modeling-2025-03_acceleo-37-R202408201303-migration-41-R202502130921_jre21-download\ucmis.m2t\src\ucmis\m2t\target\doc\classDocFile.mtl
Migrated E:\Eclipse\modeling-2025-03_acceleo-37-R202408201303-migration-41-R202502130921_jre21-download\ucmis.m2t\src\ucmis\m2t\target\doc\dataTypeDocFile.mtl
Migrated E:\Eclipse\modeling-2025-03_acceleo-37-R202408201303-migration-41-R202502130921_jre21-download\ucmis.m2t\src\ucmis\m2t\target\doc\enumerationDocFile.mtl
Migrated E:\Eclipse\modeling-2025-03_acceleo-37-R202408201303-migration-41-R202502130921_jre21-download\ucmis.m2t\src\ucmis\m2t\target\doc\inheritanceTreeDiagramDocFile.mtl
Migrated E:\Eclipse\modeling-2025-03_acceleo-37-R202408201303-migration-41-R202502130921_jre21-download\ucmis.m2t\src\ucmis\m2t\target\doc\modelDocFile.mtl
Migrated E:\Eclipse\modeling-2025-03_acceleo-37-R202408201303-migration-41-R202502130921_jre21-download\ucmis.m2t\src\ucmis\m2t\target\doc\packageDocFile.mtl
Migrated E:\Eclipse\modeling-2025-03_acceleo-37-R202408201303-migration-41-R202502130921_jre21-download\ucmis.m2t\src\ucmis\m2t\target\doc\puDiagram.mtl
Migrated E:\Eclipse\modeling-2025-03_acceleo-37-R202408201303-migration-41-R202502130921_jre21-download\ucmis.m2t\src\ucmis\m2t\target\doc\puUtilityDoc.mtl
Error migrating E:\Eclipse\modeling-2025-03_acceleo-37-R202408201303-migration-41-R202502130921_jre21-download\ucmis.m2t\src\ucmis\m2t\target\doc\rstUtilityDoc.mtl: Not managed yet: ocl::ecore::CollectionRange
Migrated E:\Eclipse\modeling-2025-03_acceleo-37-R202408201303-migration-41-R202502130921_jre21-download\ucmis.m2t\src\ucmis\m2t\target\jsonld\classJsonld.mtl
Migrated E:\Eclipse\modeling-2025-03_acceleo-37-R202408201303-migration-41-R202502130921_jre21-download\ucmis.m2t\src\ucmis\m2t\target\jsonld\commonJsonld.mtl
Migrated E:\Eclipse\modeling-2025-03_acceleo-37-R202408201303-migration-41-R202502130921_jre21-download\ucmis.m2t\src\ucmis\m2t\target\jsonld\dataTypeJsonld.mtl
Migrated E:\Eclipse\modeling-2025-03_acceleo-37-R202408201303-migration-41-R202502130921_jre21-download\ucmis.m2t\src\ucmis\m2t\target\jsonld\modelJsonldFile.mtl
Migrated E:\Eclipse\modeling-2025-03_acceleo-37-R202408201303-migration-41-R202502130921_jre21-download\ucmis.m2t\src\ucmis\m2t\target\jsonschema\classJsch.mtl
Migrated E:\Eclipse\modeling-2025-03_acceleo-37-R202408201303-migration-41-R202502130921_jre21-download\ucmis.m2t\src\ucmis\m2t\target\jsonschema\commonJsch.mtl
Migrated E:\Eclipse\modeling-2025-03_acceleo-37-R202408201303-migration-41-R202502130921_jre21-download\ucmis.m2t\src\ucmis\m2t\target\jsonschema\dataTypeJsch.mtl
Migrated E:\Eclipse\modeling-2025-03_acceleo-37-R202408201303-migration-41-R202502130921_jre21-download\ucmis.m2t\src\ucmis\m2t\target\jsonschema\enumerationJsch.mtl
Migrated E:\Eclipse\modeling-2025-03_acceleo-37-R202408201303-migration-41-R202502130921_jre21-download\ucmis.m2t\src\ucmis\m2t\target\jsonschema\modelJschFile.mtl
Migrated E:\Eclipse\modeling-2025-03_acceleo-37-R202408201303-migration-41-R202502130921_jre21-download\ucmis.m2t\src\ucmis\m2t\target\onto\associationOnto.mtl
Migrated E:\Eclipse\modeling-2025-03_acceleo-37-R202408201303-migration-41-R202502130921_jre21-download\ucmis.m2t\src\ucmis\m2t\target\onto\classOnto.mtl
Migrated E:\Eclipse\modeling-2025-03_acceleo-37-R202408201303-migration-41-R202502130921_jre21-download\ucmis.m2t\src\ucmis\m2t\target\onto\commonOnto.mtl
Migrated E:\Eclipse\modeling-2025-03_acceleo-37-R202408201303-migration-41-R202502130921_jre21-download\ucmis.m2t\src\ucmis\m2t\target\onto\dataTypeOnto.mtl
Migrated E:\Eclipse\modeling-2025-03_acceleo-37-R202408201303-migration-41-R202502130921_jre21-download\ucmis.m2t\src\ucmis\m2t\target\onto\enumerationOnto.mtl
Migrated E:\Eclipse\modeling-2025-03_acceleo-37-R202408201303-migration-41-R202502130921_jre21-download\ucmis.m2t\src\ucmis\m2t\target\onto\packageOntoFile.mtl
Migrated E:\Eclipse\modeling-2025-03_acceleo-37-R202408201303-migration-41-R202502130921_jre21-download\ucmis.m2t\src\ucmis\m2t\target\oo\associationOo.mtl
Migrated E:\Eclipse\modeling-2025-03_acceleo-37-R202408201303-migration-41-R202502130921_jre21-download\ucmis.m2t\src\ucmis\m2t\target\oo\attributeOo.mtl
Migrated E:\Eclipse\modeling-2025-03_acceleo-37-R202408201303-migration-41-R202502130921_jre21-download\ucmis.m2t\src\ucmis\m2t\target\oo\classOoFile.mtl
Migrated E:\Eclipse\modeling-2025-03_acceleo-37-R202408201303-migration-41-R202502130921_jre21-download\ucmis.m2t\src\ucmis\m2t\target\oo\dataTypeOoFile.mtl
Migrated E:\Eclipse\modeling-2025-03_acceleo-37-R202408201303-migration-41-R202502130921_jre21-download\ucmis.m2t\src\ucmis\m2t\target\oo\modelOoFile.mtl
Migrated E:\Eclipse\modeling-2025-03_acceleo-37-R202408201303-migration-41-R202502130921_jre21-download\ucmis.m2t\src\ucmis\m2t\target\oo\packageOoFile.mtl
Migrated E:\Eclipse\modeling-2025-03_acceleo-37-R202408201303-migration-41-R202502130921_jre21-download\ucmis.m2t\src\ucmis\m2t\target\oo\textBlocksOo.mtl
Migrated E:\Eclipse\modeling-2025-03_acceleo-37-R202408201303-migration-41-R202502130921_jre21-download\ucmis.m2t\src\ucmis\m2t\target\rdf\commonRdf.mtl
Migrated E:\Eclipse\modeling-2025-03_acceleo-37-R202408201303-migration-41-R202502130921_jre21-download\ucmis.m2t\src\ucmis\m2t\target\shacl\classShacl.mtl
Migrated E:\Eclipse\modeling-2025-03_acceleo-37-R202408201303-migration-41-R202502130921_jre21-download\ucmis.m2t\src\ucmis\m2t\target\shacl\commonShacl.mtl
Migrated E:\Eclipse\modeling-2025-03_acceleo-37-R202408201303-migration-41-R202502130921_jre21-download\ucmis.m2t\src\ucmis\m2t\target\shacl\dataTypeShacl.mtl
Migrated E:\Eclipse\modeling-2025-03_acceleo-37-R202408201303-migration-41-R202502130921_jre21-download\ucmis.m2t\src\ucmis\m2t\target\shacl\modelShaclFile.mtl
Migrated E:\Eclipse\modeling-2025-03_acceleo-37-R202408201303-migration-41-R202502130921_jre21-download\ucmis.m2t\src\ucmis\m2t\target\shex\associationShex.mtl
Migrated E:\Eclipse\modeling-2025-03_acceleo-37-R202408201303-migration-41-R202502130921_jre21-download\ucmis.m2t\src\ucmis\m2t\target\shex\classShex.mtl
Migrated E:\Eclipse\modeling-2025-03_acceleo-37-R202408201303-migration-41-R202502130921_jre21-download\ucmis.m2t\src\ucmis\m2t\target\shex\commonShex.mtl
Migrated E:\Eclipse\modeling-2025-03_acceleo-37-R202408201303-migration-41-R202502130921_jre21-download\ucmis.m2t\src\ucmis\m2t\target\shex\dataTypeShex.mtl
Migrated E:\Eclipse\modeling-2025-03_acceleo-37-R202408201303-migration-41-R202502130921_jre21-download\ucmis.m2t\src\ucmis\m2t\target\shex\modelShexFile.mtl
Migrated E:\Eclipse\modeling-2025-03_acceleo-37-R202408201303-migration-41-R202502130921_jre21-download\ucmis.m2t\src\ucmis\m2t\target\xsd\classXsd.mtl
Migrated E:\Eclipse\modeling-2025-03_acceleo-37-R202408201303-migration-41-R202502130921_jre21-download\ucmis.m2t\src\ucmis\m2t\target\xsd\commonXsd.mtl
Migrated E:\Eclipse\modeling-2025-03_acceleo-37-R202408201303-migration-41-R202502130921_jre21-download\ucmis.m2t\src\ucmis\m2t\target\xsd\dataTypeXsd.mtl
Migrated E:\Eclipse\modeling-2025-03_acceleo-37-R202408201303-migration-41-R202502130921_jre21-download\ucmis.m2t\src\ucmis\m2t\target\xsd\enumerationXsd.mtl
Migrated E:\Eclipse\modeling-2025-03_acceleo-37-R202408201303-migration-41-R202502130921_jre21-download\ucmis.m2t\src\ucmis\m2t\target\xsd\modelXsdFile.mtl
